[debug] [2021-03-31T16:27:57.907Z] ----------------------------------------------------------------------
[debug] [2021-03-31T16:27:57.908Z] Command:       /opt/homebrew/Cellar/node/15.11.0/bin/node /opt/homebrew/bin/firebase deploy
[debug] [2021-03-31T16:27:57.908Z] CLI Version:   9.7.0
[debug] [2021-03-31T16:27:57.908Z] Platform:      darwin
[debug] [2021-03-31T16:27:57.908Z] Node Version:  v15.11.0
[debug] [2021-03-31T16:27:57.909Z] Time:          Wed Mar 31 2021 21:57:57 GMT+0530 (India Standard Time)
[debug] [2021-03-31T16:27:57.909Z] ----------------------------------------------------------------------
[debug] 
[debug] [2021-03-31T16:27:57.912Z] > command requires scopes: ["email","openid","https://www.googleapis.com/auth/cloudplatformprojects.readonly","https://www.googleapis.com/auth/firebase","https://www.googleapis.com/auth/cloud-platform"]
[debug] [2021-03-31T16:27:57.912Z] > authorizing via signed-in user
[debug] [2021-03-31T16:27:57.912Z] [iam] checking project chatgram-io for permissions ["firebase.projects.get","firebasehosting.sites.update"]
[debug] [2021-03-31T16:27:57.913Z] >>> HTTP REQUEST POST https://cloudresourcemanager.googleapis.com/v1/projects/chatgram-io:testIamPermissions  
 {"permissions":["firebase.projects.get","firebasehosting.sites.update"]}
[debug] [2021-03-31T16:27:59.413Z] <<< HTTP RESPONSE 200 {"content-type":"application/json; charset=UTF-8","vary":"X-Origin, Referer, Origin,Accept-Encoding","date":"Wed, 31 Mar 2021 16:27:59 GMT","server":"ESF","cache-control":"private","x-xss-protection":"0","x-frame-options":"SAMEORIGIN","x-content-type-options":"nosniff","server-timing":"gfet4t7; dur=1159","alt-svc":"h3-29=\":443\"; ma=2592000,h3-T051=\":443\"; ma=2592000,h3-Q050=\":443\"; ma=2592000,h3-Q046=\":443\"; ma=2592000,h3-Q043=\":443\"; ma=2592000,quic=\":443\"; ma=2592000; v=\"46,43\"","accept-ranges":"none","transfer-encoding":"chunked"}
[debug] [2021-03-31T16:27:59.417Z] > refreshing access token with scopes: []
[debug] [2021-03-31T16:27:59.417Z] >>> HTTP REQUEST POST https://www.googleapis.com/oauth2/v3/token  
 <request body omitted>
[debug] [2021-03-31T16:27:59.704Z] <<< HTTP RESPONSE 200 {"pragma":"no-cache","expires":"Mon, 01 Jan 1990 00:00:00 GMT","date":"Wed, 31 Mar 2021 16:27:59 GMT","cache-control":"no-cache, no-store, max-age=0, must-revalidate","content-type":"application/json; charset=utf-8","vary":"X-Origin, Referer, Origin,Accept-Encoding","server":"scaffolding on HTTPServer2","x-xss-protection":"0","x-frame-options":"SAMEORIGIN","x-content-type-options":"nosniff","alt-svc":"h3-29=\":443\"; ma=2592000,h3-T051=\":443\"; ma=2592000,h3-Q050=\":443\"; ma=2592000,h3-Q046=\":443\"; ma=2592000,h3-Q043=\":443\"; ma=2592000,quic=\":443\"; ma=2592000; v=\"46,43\"","accept-ranges":"none","transfer-encoding":"chunked"}
[debug] [2021-03-31T16:27:59.727Z] >>> [apiv2][query] GET https://firebase.googleapis.com/v1beta1/projects/chatgram-io [none]
[debug] [2021-03-31T16:28:00.233Z] <<< [apiv2][status] GET https://firebase.googleapis.com/v1beta1/projects/chatgram-io 200
[debug] [2021-03-31T16:28:00.233Z] <<< [apiv2][body] GET https://firebase.googleapis.com/v1beta1/projects/chatgram-io {"projectId":"chatgram-io","projectNumber":"906799339951","displayName":"ChatGram","name":"projects/chatgram-io","resources":{"hostingSite":"chatgram-io","storageBucket":"chatgram-io.appspot.com","locationId":"us-central"},"state":"ACTIVE"}
[info] 
[info] === Deploying to 'chatgram-io'...
[info] 
[info] i  deploying hosting 
[debug] [2021-03-31T16:28:00.236Z] > refreshing access token with scopes: ["email","https://www.googleapis.com/auth/cloud-platform","https://www.googleapis.com/auth/cloudplatformprojects.readonly","https://www.googleapis.com/auth/firebase","openid"]
[debug] [2021-03-31T16:28:00.236Z] >>> HTTP REQUEST POST https://www.googleapis.com/oauth2/v3/token  
 <request body omitted>
[debug] [2021-03-31T16:28:00.486Z] <<< HTTP RESPONSE 200 {"date":"Wed, 31 Mar 2021 16:28:00 GMT","pragma":"no-cache","cache-control":"no-cache, no-store, max-age=0, must-revalidate","expires":"Mon, 01 Jan 1990 00:00:00 GMT","content-type":"application/json; charset=utf-8","vary":"X-Origin, Referer, Origin,Accept-Encoding","server":"scaffolding on HTTPServer2","x-xss-protection":"0","x-frame-options":"SAMEORIGIN","x-content-type-options":"nosniff","alt-svc":"h3-29=\":443\"; ma=2592000,h3-T051=\":443\"; ma=2592000,h3-Q050=\":443\"; ma=2592000,h3-Q046=\":443\"; ma=2592000,h3-Q043=\":443\"; ma=2592000,quic=\":443\"; ma=2592000; v=\"46,43\"","accept-ranges":"none","transfer-encoding":"chunked"}
[debug] [2021-03-31T16:28:00.507Z] >>> HTTP REQUEST POST https://firebasehosting.googleapis.com/v1beta1/sites/chatgram-io/versions  
 {"config":{},"labels":{"deployment-tool":"cli-firebase"}}
[debug] [2021-03-31T16:28:02.375Z] <<< HTTP RESPONSE 200 {"content-type":"application/json; charset=UTF-8","vary":"X-Origin, Referer, Origin,Accept-Encoding","date":"Wed, 31 Mar 2021 16:28:02 GMT","server":"ESF","cache-control":"private","x-xss-protection":"0","x-frame-options":"SAMEORIGIN","x-content-type-options":"nosniff","alt-svc":"h3-29=\":443\"; ma=2592000,h3-T051=\":443\"; ma=2592000,h3-Q050=\":443\"; ma=2592000,h3-Q046=\":443\"; ma=2592000,h3-Q043=\":443\"; ma=2592000,quic=\":443\"; ma=2592000; v=\"46,43\"","accept-ranges":"none","transfer-encoding":"chunked"}
[info] i  hosting[chatgram-io]: beginning deploy... 
[info] i  hosting[chatgram-io]: found 20 files in build 
[debug] [2021-03-31T16:28:02.650Z] > refreshing access token with scopes: []
[debug] [2021-03-31T16:28:02.650Z] >>> HTTP REQUEST POST https://www.googleapis.com/oauth2/v3/token  
 <request body omitted>
[debug] [2021-03-31T16:28:02.651Z] [hosting] hash cache [YnVpbGQ] stored for 20 files
[debug] [2021-03-31T16:28:02.651Z] [hosting][hash queue][FINAL] {"max":255,"min":7,"avg":22.1,"active":0,"complete":20,"success":20,"errored":0,"retried":0,"total":20,"elapsed":260}
[debug] [2021-03-31T16:28:02.902Z] <<< HTTP RESPONSE 200 {"expires":"Mon, 01 Jan 1990 00:00:00 GMT","pragma":"no-cache","cache-control":"no-cache, no-store, max-age=0, must-revalidate","date":"Wed, 31 Mar 2021 16:28:03 GMT","content-type":"application/json; charset=utf-8","vary":"X-Origin, Referer, Origin,Accept-Encoding","server":"scaffolding on HTTPServer2","x-xss-protection":"0","x-frame-options":"SAMEORIGIN","x-content-type-options":"nosniff","alt-svc":"h3-29=\":443\"; ma=2592000,h3-T051=\":443\"; ma=2592000,h3-Q050=\":443\"; ma=2592000,h3-Q046=\":443\"; ma=2592000,h3-Q043=\":443\"; ma=2592000,quic=\":443\"; ma=2592000; v=\"46,43\"","accept-ranges":"none","transfer-encoding":"chunked"}
[debug] [2021-03-31T16:28:02.924Z] >>> [apiv2][query] POST https://firebasehosting.googleapis.com/v1beta1/sites/chatgram-io/versions/3324179b6bef3ee8:populateFiles [none]
[debug] [2021-03-31T16:28:02.924Z] >>> [apiv2][body] POST https://firebasehosting.googleapis.com/v1beta1/sites/chatgram-io/versions/3324179b6bef3ee8:populateFiles {"files":{"/asset-manifest.json":"eec33ca8d1466bda9749572ace4332affa92d79037eb06f5849f9bc4999d6258","/apple-touch-icon.png":"ae4d24dee0f07e8492c321a2dc4aeba4e8d290293dec5d50f21d90c4322e74ac","/manifest.json":"82864c0c7d5a7545ce34a7bd03beafb638ea3d46dffec1bcb34df34eb9899d7e","/logo192.png":"698fc2bd16ae207b5645b6233b79096102b0135717e94ae683eb860566c12bc4","/precache-manifest.36bd37d48cf9b69d43dc0a21dab0d43b.js":"7541d2e4c43a36746f7852346893e3a6958e2875c54b01868305794b89a22e1c","/robots.txt":"391d14b3c2f8c9143a27a28c7399585142228d4d1bdbe2c87ac946de411fa9a2","/index.html":"47b5c464eaa36dc208455154bfeadfd9547012950204f205d924ab06b667a794","/service-worker.js":"2cc74430dafff8df35ef0045cd03c267ab6cb022223a59abcea89d4b4072d293","/worker.js":"cfd7437597533c0dea3663ed8f20a1a0c84129642c03e3e153188cc3eb707d3f","/static/css/main.34d7ec6f.chunk.css":"9605d8b5b8e671a856fd8832deaab6fa07c65dbca6360cab262c9e61c232e277","/static/css/main.34d7ec6f.chunk.css.map":"b29afe66ba04d32d782f56497359df56cf9f09d1f8b67db72fae94aa53dca3c7","/static/js/2.170d630a.chunk.js.LICENSE.txt":"e359687961f23f0e2755e34475282c133828dc940b3cf8bf44956833dc730fa9","/static/js/main.eb69b022.chunk.js":"f1211e7efffc4765f678e869ba0850679dda3c621810650356974a3293249a4c","/static/js/main.eb69b022.chunk.js.map":"f5a15c3094fe0341452af268380327f9fd314d0b080cc5b96593575d3b5e34d4","/static/js/runtime-main.bfc9cc41.js":"4fb03626375905f3bf8c9d4199c33e1294be4deec3312665250250aceaefcf74","/favicon.ico":"477b3f4fb80998b9745f39e73ca3012382c4385d4e83b538c8103aefb699f3b5","/static/js/runtime-main.bfc9cc41.js.map":"a010cc5ea315355b9e27a0fec7b1cf9b72a734fcbd9f322d08367703ffaead50","/logo512.png":"39603689c329c041d0aad442cce2d10986994ed154d115f12d0a9f952f818162","/static/js/2.170d630a.chunk.js":"e308c0c2aa27eaceed282b0d73668912a788dc0e5134057449098b6e1636eac3","/static/js/2.170d630a.chunk.js.map":"b12db4d54fb59f8376fdeee3b9edc57cfeaa10b713eb733d7cda24ee86f54291"}}
